<?xml version="1.0" encoding="UTF-8"?>
<!-- Generated by org.testng.reporters.JUnitReportReporter -->
<testsuite skipped="0" hostname="DESKTOP-OEFNCNE" name="com.test.framework.ExtentReport" tests="2" failures="0" timestamp="04 Dec 2018 17:14:15 GMT" time="0.062" errors="0">
  <testcase name="test1" time="0.015" classname="com.test.framework.ExtentReport"/>
  <testcase name="setUp" time="0.047" classname="com.test.framework.ExtentReport"/>
</testsuite> <!-- com.test.framework.ExtentReport -->
