<?xml version="1.0" encoding="UTF-8"?>
<!-- Generated by org.testng.reporters.JUnitReportReporter -->
<testsuite skipped="0" hostname="DESKTOP-OEFNCNE" name="com.test.framework.LoginTestPage" tests="1" failures="0" timestamp="04 Dec 2018 17:19:58 GMT" time="33.402" errors="0">
  <testcase name="testOrangePageHrm" time="33.402" classname="com.test.framework.LoginTestPage"/>
</testsuite> <!-- com.test.framework.LoginTestPage -->
